{
  "stats": {
    "suites": 12,
    "tests": 41,
    "passes": 0,
    "pending": 0,
    "failures": 41,
    "start": "2022-04-20T21:58:49.372Z",
    "end": "2022-04-20T22:01:44.454Z",
    "duration": 175082,
    "testsRegistered": 41,
    "passPercent": 0,
    "pendingPercent": 0,
    "other": 0,
    "hasOther": false,
    "skipped": 0,
    "hasSkipped": false
  },
  "results": [
    {
      "uuid": "392cfcb8-3de9-4f42-88d2-cee1e8f5eca7",
      "title": "",
      "fullFile": "cypress/integration/project.spec.js",
      "file": "cypress/integration/project.spec.js",
      "beforeHooks": [],
      "afterHooks": [],
      "tests": [],
      "suites": [
        {
          "uuid": "5b2b05d9-8dea-4215-8651-eb2007bc9e91",
          "title": "1 - Adicione à página o título \"Paleta de Cores\".",
          "fullFile": "",
          "file": "",
          "beforeHooks": [],
          "afterHooks": [],
          "tests": [
            {
              "title": "Verifica se contém um elemento `h1` com o id `title` com o título correto",
              "fullTitle": "1 - Adicione à página o título \"Paleta de Cores\". Verifica se contém um elemento `h1` com o id `title` com o título correto",
              "timedOut": null,
              "duration": 4249,
              "state": "failed",
              "speed": null,
              "pass": false,
              "fail": true,
              "pending": false,
              "context": null,
              "code": "cy.get('h1#title').should('contain.text', 'Paleta de Cores');",
              "err": {
                "message": "CypressError: Timed out retrying: Expected to find element: 'h1#title', but never found it.",
                "estack": "CypressError: Timed out retrying: Expected to find element: 'h1#title', but never found it.\n    at cypressErr (http://localhost:44267/__cypress/runner/cypress_runner.js:149934:9)\n    at throwErr (http://localhost:44267/__cypress/runner/cypress_runner.js:149867:11)\n    at Object.throwErrByPath (http://localhost:44267/__cypress/runner/cypress_runner.js:149915:3)\n    at retry (http://localhost:44267/__cypress/runner/cypress_runner.js:144197:19)\n    at onFailFn (http://localhost:44267/__cypress/runner/cypress_runner.js:132448:16)\n    at tryCatcher (http://localhost:44267/__cypress/runner/cypress_runner.js:167415:23)\n    at Promise._settlePromiseFromHandler (http://localhost:44267/__cypress/runner/cypress_runner.js:165351:31)\n    at Promise._settlePromise (http://localhost:44267/__cypress/runner/cypress_runner.js:165408:18)\n    at Promise._settlePromise0 (http://localhost:44267/__cypress/runner/cypress_runner.js:165453:10)\n    at Promise._settlePromises (http://localhost:44267/__cypress/runner/cypress_runner.js:165528:18)\n    at Async../node_modules/bluebird/js/release/async.js.Async._drainQueue (http://localhost:44267/__cypress/runner/cypress_runner.js:162140:16)\n    at Async../node_modules/bluebird/js/release/async.js.Async._drainQueues (http://localhost:44267/__cypress/runner/cypress_runner.js:162150:10)\n    at Async.drainQueues (http://localhost:44267/__cypress/runner/cypress_runner.js:162024:14)",
                "diff": null
              },
              "uuid": "e6516070-77dd-49f3-9de2-941836c41dcb",
              "parentUUID": "5b2b05d9-8dea-4215-8651-eb2007bc9e91",
              "isHook": false,
              "skipped": false
            }
          ],
          "suites": [],
          "passes": [],
          "failures": [
            "e6516070-77dd-49f3-9de2-941836c41dcb"
          ],
          "pending": [],
          "skipped": [],
          "duration": 4249,
          "root": false,
          "rootEmpty": false,
          "_timeout": 2000
        },
        {
          "uuid": "20c68cb1-44d8-48cc-97e7-d6d86cdb3174",
          "title": "2 - Adicione à página uma paleta de quatro cores distintas.",
          "fullFile": "",
          "file": "",
          "beforeHooks": [],
          "afterHooks": [],
          "tests": [
            {
              "title": "A paleta de cores deve ser um elemento com `id` denominado `color-palette` e ter mais de 0px de altura e de largura.",
              "fullTitle": "2 - Adicione à página uma paleta de quatro cores distintas. A paleta de cores deve ser um elemento com `id` denominado `color-palette` e ter mais de 0px de altura e de largura.",
              "timedOut": null,
              "duration": 4251,
              "state": "failed",
              "speed": null,
              "pass": false,
              "fail": true,
              "pending": false,
              "context": null,
              "code": "cy.get('#color-palette').should('be.visible');\ncy.get('#color-palette').children('.color');",
              "err": {
                "message": "CypressError: Timed out retrying: Expected to find element: '#color-palette', but never found it.",
                "estack": "CypressError: Timed out retrying: Expected to find element: '#color-palette', but never found it.\n    at cypressErr (http://localhost:44267/__cypress/runner/cypress_runner.js:149934:9)\n    at throwErr (http://localhost:44267/__cypress/runner/cypress_runner.js:149867:11)\n    at Object.throwErrByPath (http://localhost:44267/__cypress/runner/cypress_runner.js:149915:3)\n    at retry (http://localhost:44267/__cypress/runner/cypress_runner.js:144197:19)\n    at onFailFn (http://localhost:44267/__cypress/runner/cypress_runner.js:132448:16)\n    at tryCatcher (http://localhost:44267/__cypress/runner/cypress_runner.js:167415:23)\n    at Promise._settlePromiseFromHandler (http://localhost:44267/__cypress/runner/cypress_runner.js:165351:31)\n    at Promise._settlePromise (http://localhost:44267/__cypress/runner/cypress_runner.js:165408:18)\n    at Promise._settlePromise0 (http://localhost:44267/__cypress/runner/cypress_runner.js:165453:10)\n    at Promise._settlePromises (http://localhost:44267/__cypress/runner/cypress_runner.js:165528:18)\n    at Async../node_modules/bluebird/js/release/async.js.Async._drainQueue (http://localhost:44267/__cypress/runner/cypress_runner.js:162140:16)\n    at Async../node_modules/bluebird/js/release/async.js.Async._drainQueues (http://localhost:44267/__cypress/runner/cypress_runner.js:162150:10)\n    at Async.drainQueues (http://localhost:44267/__cypress/runner/cypress_runner.js:162024:14)",
                "diff": null
              },
              "uuid": "228b02b9-345d-4cee-b5b1-babd0411f2ef",
              "parentUUID": "20c68cb1-44d8-48cc-97e7-d6d86cdb3174",
              "isHook": false,
              "skipped": false
            },
            {
              "title": "Verifica se cada cor individual da paleta de cores possui a `classe` chamada `color`.",
              "fullTitle": "2 - Adicione à página uma paleta de quatro cores distintas. Verifica se cada cor individual da paleta de cores possui a `classe` chamada `color`.",
              "timedOut": null,
              "duration": 4245,
              "state": "failed",
              "speed": null,
              "pass": false,
              "fail": true,
              "pending": false,
              "context": null,
              "code": "cy.get('.color').should('have.length', 4).then(function (colors) {\n  for (var i = 0; i < colors.length; i++) {\n    cy.wrap(colors[i]).should('be.visible');\n  }\n});",
              "err": {
                "message": "CypressError: Timed out retrying: Expected to find element: '.color', but never found it.",
                "estack": "CypressError: Timed out retrying: Expected to find element: '.color', but never found it.\n    at cypressErr (http://localhost:44267/__cypress/runner/cypress_runner.js:149934:9)\n    at throwErr (http://localhost:44267/__cypress/runner/cypress_runner.js:149867:11)\n    at Object.throwErrByPath (http://localhost:44267/__cypress/runner/cypress_runner.js:149915:3)\n    at retry (http://localhost:44267/__cypress/runner/cypress_runner.js:144197:19)\n    at onFailFn (http://localhost:44267/__cypress/runner/cypress_runner.js:132448:16)\n    at tryCatcher (http://localhost:44267/__cypress/runner/cypress_runner.js:167415:23)\n    at Promise._settlePromiseFromHandler (http://localhost:44267/__cypress/runner/cypress_runner.js:165351:31)\n    at Promise._settlePromise (http://localhost:44267/__cypress/runner/cypress_runner.js:165408:18)\n    at Promise._settlePromise0 (http://localhost:44267/__cypress/runner/cypress_runner.js:165453:10)\n    at Promise._settlePromises (http://localhost:44267/__cypress/runner/cypress_runner.js:165528:18)\n    at Async../node_modules/bluebird/js/release/async.js.Async._drainQueue (http://localhost:44267/__cypress/runner/cypress_runner.js:162140:16)\n    at Async../node_modules/bluebird/js/release/async.js.Async._drainQueues (http://localhost:44267/__cypress/runner/cypress_runner.js:162150:10)\n    at Async.drainQueues (http://localhost:44267/__cypress/runner/cypress_runner.js:162024:14)",
                "diff": null
              },
              "uuid": "5f11c7ce-7ba2-4421-bdbd-a11f0a4a91a2",
              "parentUUID": "20c68cb1-44d8-48cc-97e7-d6d86cdb3174",
              "isHook": false,
              "skipped": false
            },
            {
              "title": "Verifica se a cor de fundo de cada elemento da paleta é a cor que o elemento representa. **A única cor não permitida na paleta é a cor branca.**",
              "fullTitle": "2 - Adicione à página uma paleta de quatro cores distintas. Verifica se a cor de fundo de cada elemento da paleta é a cor que o elemento representa. **A única cor não permitida na paleta é a cor branca.**",
              "timedOut": null,
              "duration": 4225,
              "state": "failed",
              "speed": null,
              "pass": false,
              "fail": true,
              "pending": false,
              "context": null,
              "code": "cy.get('.color').each(function (color) {\n  cy.wrap(color).should('have.class', 'color').and('not.have.css', 'background-color', WHITE);\n  cy.wrap(color).should('have.css', 'background-color');\n});",
              "err": {
                "message": "CypressError: Timed out retrying: Expected to find element: '.color', but never found it.",
                "estack": "CypressError: Timed out retrying: Expected to find element: '.color', but never found it.\n    at cypressErr (http://localhost:44267/__cypress/runner/cypress_runner.js:149934:9)\n    at throwErr (http://localhost:44267/__cypress/runner/cypress_runner.js:149867:11)\n    at Object.throwErrByPath (http://localhost:44267/__cypress/runner/cypress_runner.js:149915:3)\n    at retry (http://localhost:44267/__cypress/runner/cypress_runner.js:144197:19)\n    at onFailFn (http://localhost:44267/__cypress/runner/cypress_runner.js:132448:16)\n    at tryCatcher (http://localhost:44267/__cypress/runner/cypress_runner.js:167415:23)\n    at Promise._settlePromiseFromHandler (http://localhost:44267/__cypress/runner/cypress_runner.js:165351:31)\n    at Promise._settlePromise (http://localhost:44267/__cypress/runner/cypress_runner.js:165408:18)\n    at Promise._settlePromise0 (http://localhost:44267/__cypress/runner/cypress_runner.js:165453:10)\n    at Promise._settlePromises (http://localhost:44267/__cypress/runner/cypress_runner.js:165528:18)\n    at Async../node_modules/bluebird/js/release/async.js.Async._drainQueue (http://localhost:44267/__cypress/runner/cypress_runner.js:162140:16)\n    at Async../node_modules/bluebird/js/release/async.js.Async._drainQueues (http://localhost:44267/__cypress/runner/cypress_runner.js:162150:10)\n    at Async.drainQueues (http://localhost:44267/__cypress/runner/cypress_runner.js:162024:14)",
                "diff": null
              },
              "uuid": "cba70f9e-f4ea-41bc-bcd5-c0a3a70908d7",
              "parentUUID": "20c68cb1-44d8-48cc-97e7-d6d86cdb3174",
              "isHook": false,
              "skipped": false
            },
            {
              "title": "Verifica se cada elemento da paleta de cores tem uma borda preta, sólida e com 1 pixel de largura;",
              "fullTitle": "2 - Adicione à página uma paleta de quatro cores distintas. Verifica se cada elemento da paleta de cores tem uma borda preta, sólida e com 1 pixel de largura;",
              "timedOut": null,
              "duration": 4224,
              "state": "failed",
              "speed": null,
              "pass": false,
              "fail": true,
              "pending": false,
              "context": null,
              "code": "cy.get('.color').each(function (color) {\n  cy.wrap(color).and('have.css', 'border', \"1px solid \".concat(BLACK)).and('have.class', 'color');\n});",
              "err": {
                "message": "CypressError: Timed out retrying: Expected to find element: '.color', but never found it.",
                "estack": "CypressError: Timed out retrying: Expected to find element: '.color', but never found it.\n    at cypressErr (http://localhost:44267/__cypress/runner/cypress_runner.js:149934:9)\n    at throwErr (http://localhost:44267/__cypress/runner/cypress_runner.js:149867:11)\n    at Object.throwErrByPath (http://localhost:44267/__cypress/runner/cypress_runner.js:149915:3)\n    at retry (http://localhost:44267/__cypress/runner/cypress_runner.js:144197:19)\n    at onFailFn (http://localhost:44267/__cypress/runner/cypress_runner.js:132448:16)\n    at tryCatcher (http://localhost:44267/__cypress/runner/cypress_runner.js:167415:23)\n    at Promise._settlePromiseFromHandler (http://localhost:44267/__cypress/runner/cypress_runner.js:165351:31)\n    at Promise._settlePromise (http://localhost:44267/__cypress/runner/cypress_runner.js:165408:18)\n    at Promise._settlePromise0 (http://localhost:44267/__cypress/runner/cypress_runner.js:165453:10)\n    at Promise._settlePromises (http://localhost:44267/__cypress/runner/cypress_runner.js:165528:18)\n    at Async../node_modules/bluebird/js/release/async.js.Async._drainQueue (http://localhost:44267/__cypress/runner/cypress_runner.js:162140:16)\n    at Async../node_modules/bluebird/js/release/async.js.Async._drainQueues (http://localhost:44267/__cypress/runner/cypress_runner.js:162150:10)\n    at Async.drainQueues (http://localhost:44267/__cypress/runner/cypress_runner.js:162024:14)",
                "diff": null
              },
              "uuid": "fe74e635-0cdb-4882-b855-514a5094ba46",
              "parentUUID": "20c68cb1-44d8-48cc-97e7-d6d86cdb3174",
              "isHook": false,
              "skipped": false
            },
            {
              "title": "Verifica se a paleta lista todas as cores disponíveis para utilização, lado a lado.",
              "fullTitle": "2 - Adicione à página uma paleta de quatro cores distintas. Verifica se a paleta lista todas as cores disponíveis para utilização, lado a lado.",
              "timedOut": null,
              "duration": 4212,
              "state": "failed",
              "speed": null,
              "pass": false,
              "fail": true,
              "pending": false,
              "context": null,
              "code": "cy.get('.color').then(function (colors) {\n  for (var index = 1; index < colors.length; index += 1) {\n    var currentColor = colors[index];\n    var previousColor = colors[index - 1];\n    cy.wrap(currentColor).should('be.onTheRightOf', previousColor).and('be.horizontallyAlignedWith', previousColor);\n  }\n});",
              "err": {
                "message": "CypressError: Timed out retrying: Expected to find element: '.color', but never found it.",
                "estack": "CypressError: Timed out retrying: Expected to find element: '.color', but never found it.\n    at cypressErr (http://localhost:44267/__cypress/runner/cypress_runner.js:149934:9)\n    at throwErr (http://localhost:44267/__cypress/runner/cypress_runner.js:149867:11)\n    at Object.throwErrByPath (http://localhost:44267/__cypress/runner/cypress_runner.js:149915:3)\n    at retry (http://localhost:44267/__cypress/runner/cypress_runner.js:144197:19)\n    at onFailFn (http://localhost:44267/__cypress/runner/cypress_runner.js:132448:16)\n    at tryCatcher (http://localhost:44267/__cypress/runner/cypress_runner.js:167415:23)\n    at Promise._settlePromiseFromHandler (http://localhost:44267/__cypress/runner/cypress_runner.js:165351:31)\n    at Promise._settlePromise (http://localhost:44267/__cypress/runner/cypress_runner.js:165408:18)\n    at Promise._settlePromise0 (http://localhost:44267/__cypress/runner/cypress_runner.js:165453:10)\n    at Promise._settlePromises (http://localhost:44267/__cypress/runner/cypress_runner.js:165528:18)\n    at Async../node_modules/bluebird/js/release/async.js.Async._drainQueue (http://localhost:44267/__cypress/runner/cypress_runner.js:162140:16)\n    at Async../node_modules/bluebird/js/release/async.js.Async._drainQueues (http://localhost:44267/__cypress/runner/cypress_runner.js:162150:10)\n    at Async.drainQueues (http://localhost:44267/__cypress/runner/cypress_runner.js:162024:14)",
                "diff": null
              },
              "uuid": "ce69e0ae-c8b1-4271-844c-f0e45380346a",
              "parentUUID": "20c68cb1-44d8-48cc-97e7-d6d86cdb3174",
              "isHook": false,
              "skipped": false
            },
            {
              "title": "Verifica se a paleta de cores está posicionada abaixo do título 'Paleta de Cores'",
              "fullTitle": "2 - Adicione à página uma paleta de quatro cores distintas. Verifica se a paleta de cores está posicionada abaixo do título 'Paleta de Cores'",
              "timedOut": null,
              "duration": 4226,
              "state": "failed",
              "speed": null,
              "pass": false,
              "fail": true,
              "pending": false,
              "context": null,
              "code": "cy.get('h1#title').then(function (title) {\n  cy.get('#color-palette').should('be.belowOf', title);\n});",
              "err": {
                "message": "CypressError: Timed out retrying: Expected to find element: 'h1#title', but never found it.",
                "estack": "CypressError: Timed out retrying: Expected to find element: 'h1#title', but never found it.\n    at cypressErr (http://localhost:44267/__cypress/runner/cypress_runner.js:149934:9)\n    at throwErr (http://localhost:44267/__cypress/runner/cypress_runner.js:149867:11)\n    at Object.throwErrByPath (http://localhost:44267/__cypress/runner/cypress_runner.js:149915:3)\n    at retry (http://localhost:44267/__cypress/runner/cypress_runner.js:144197:19)\n    at onFailFn (http://localhost:44267/__cypress/runner/cypress_runner.js:132448:16)\n    at tryCatcher (http://localhost:44267/__cypress/runner/cypress_runner.js:167415:23)\n    at Promise._settlePromiseFromHandler (http://localhost:44267/__cypress/runner/cypress_runner.js:165351:31)\n    at Promise._settlePromise (http://localhost:44267/__cypress/runner/cypress_runner.js:165408:18)\n    at Promise._settlePromise0 (http://localhost:44267/__cypress/runner/cypress_runner.js:165453:10)\n    at Promise._settlePromises (http://localhost:44267/__cypress/runner/cypress_runner.js:165528:18)\n    at Async../node_modules/bluebird/js/release/async.js.Async._drainQueue (http://localhost:44267/__cypress/runner/cypress_runner.js:162140:16)\n    at Async../node_modules/bluebird/js/release/async.js.Async._drainQueues (http://localhost:44267/__cypress/runner/cypress_runner.js:162150:10)\n    at Async.drainQueues (http://localhost:44267/__cypress/runner/cypress_runner.js:162024:14)",
                "diff": null
              },
              "uuid": "58c97246-9bce-496b-b12e-b0188b5d8b46",
              "parentUUID": "20c68cb1-44d8-48cc-97e7-d6d86cdb3174",
              "isHook": false,
              "skipped": false
            },
            {
              "title": "Verifica se a paleta de cores não contém cores repetidas.",
              "fullTitle": "2 - Adicione à página uma paleta de quatro cores distintas. Verifica se a paleta de cores não contém cores repetidas.",
              "timedOut": null,
              "duration": 4221,
              "state": "failed",
              "speed": null,
              "pass": false,
              "fail": true,
              "pending": false,
              "context": null,
              "code": "cy.get('.color').then(function (colors) {\n  var allColors = Array.from(colors).map(function (color) {\n    return Cypress.$(color).css('background-color');\n  });\n  cy.log(allColors);\n  var uniqColors = (0, _toConsumableArray2[\"default\"])(new Set(allColors));\n  cy.log(uniqColors);\n  expect(allColors.length).to.eq(uniqColors.length);\n});",
              "err": {
                "message": "CypressError: Timed out retrying: Expected to find element: '.color', but never found it.",
                "estack": "CypressError: Timed out retrying: Expected to find element: '.color', but never found it.\n    at cypressErr (http://localhost:44267/__cypress/runner/cypress_runner.js:149934:9)\n    at throwErr (http://localhost:44267/__cypress/runner/cypress_runner.js:149867:11)\n    at Object.throwErrByPath (http://localhost:44267/__cypress/runner/cypress_runner.js:149915:3)\n    at retry (http://localhost:44267/__cypress/runner/cypress_runner.js:144197:19)\n    at onFailFn (http://localhost:44267/__cypress/runner/cypress_runner.js:132448:16)\n    at tryCatcher (http://localhost:44267/__cypress/runner/cypress_runner.js:167415:23)\n    at Promise._settlePromiseFromHandler (http://localhost:44267/__cypress/runner/cypress_runner.js:165351:31)\n    at Promise._settlePromise (http://localhost:44267/__cypress/runner/cypress_runner.js:165408:18)\n    at Promise._settlePromise0 (http://localhost:44267/__cypress/runner/cypress_runner.js:165453:10)\n    at Promise._settlePromises (http://localhost:44267/__cypress/runner/cypress_runner.js:165528:18)\n    at Async../node_modules/bluebird/js/release/async.js.Async._drainQueue (http://localhost:44267/__cypress/runner/cypress_runner.js:162140:16)\n    at Async../node_modules/bluebird/js/release/async.js.Async._drainQueues (http://localhost:44267/__cypress/runner/cypress_runner.js:162150:10)\n    at Async.drainQueues (http://localhost:44267/__cypress/runner/cypress_runner.js:162024:14)",
                "diff": null
              },
              "uuid": "c7031d83-8974-4329-b33d-6858b01ffc55",
              "parentUUID": "20c68cb1-44d8-48cc-97e7-d6d86cdb3174",
              "isHook": false,
              "skipped": false
            }
          ],
          "suites": [],
          "passes": [],
          "failures": [
            "228b02b9-345d-4cee-b5b1-babd0411f2ef",
            "5f11c7ce-7ba2-4421-bdbd-a11f0a4a91a2",
            "cba70f9e-f4ea-41bc-bcd5-c0a3a70908d7",
            "fe74e635-0cdb-4882-b855-514a5094ba46",
            "ce69e0ae-c8b1-4271-844c-f0e45380346a",
            "58c97246-9bce-496b-b12e-b0188b5d8b46",
            "c7031d83-8974-4329-b33d-6858b01ffc55"
          ],
          "pending": [],
          "skipped": [],
          "duration": 29604,
          "root": false,
          "rootEmpty": false,
          "_timeout": 2000
        },
        {
          "uuid": "d534c990-7c60-42b4-a979-005fec3fa336",
          "title": "3 - Adicione a cor **preta** como a primeira cor da paleta de cores.",
          "fullFile": "",
          "file": "",
          "beforeHooks": [],
          "afterHooks": [],
          "tests": [
            {
              "title": "Verifica se a primeira cor da paleta é preta",
              "fullTitle": "3 - Adicione a cor **preta** como a primeira cor da paleta de cores. Verifica se a primeira cor da paleta é preta",
              "timedOut": null,
              "duration": 4218,
              "state": "failed",
              "speed": null,
              "pass": false,
              "fail": true,
              "pending": false,
              "context": null,
              "code": "cy.get('.color').first().should('have.css', 'background-color', BLACK);",
              "err": {
                "message": "CypressError: Timed out retrying: Expected to find element: '.color', but never found it.",
                "estack": "CypressError: Timed out retrying: Expected to find element: '.color', but never found it.\n    at cypressErr (http://localhost:44267/__cypress/runner/cypress_runner.js:149934:9)\n    at throwErr (http://localhost:44267/__cypress/runner/cypress_runner.js:149867:11)\n    at Object.throwErrByPath (http://localhost:44267/__cypress/runner/cypress_runner.js:149915:3)\n    at retry (http://localhost:44267/__cypress/runner/cypress_runner.js:144197:19)\n    at onFailFn (http://localhost:44267/__cypress/runner/cypress_runner.js:132448:16)\n    at tryCatcher (http://localhost:44267/__cypress/runner/cypress_runner.js:167415:23)\n    at Promise._settlePromiseFromHandler (http://localhost:44267/__cypress/runner/cypress_runner.js:165351:31)\n    at Promise._settlePromise (http://localhost:44267/__cypress/runner/cypress_runner.js:165408:18)\n    at Promise._settlePromise0 (http://localhost:44267/__cypress/runner/cypress_runner.js:165453:10)\n    at Promise._settlePromises (http://localhost:44267/__cypress/runner/cypress_runner.js:165528:18)\n    at Async../node_modules/bluebird/js/release/async.js.Async._drainQueue (http://localhost:44267/__cypress/runner/cypress_runner.js:162140:16)\n    at Async../node_modules/bluebird/js/release/async.js.Async._drainQueues (http://localhost:44267/__cypress/runner/cypress_runner.js:162150:10)\n    at Async.drainQueues (http://localhost:44267/__cypress/runner/cypress_runner.js:162024:14)",
                "diff": null
              },
              "uuid": "7e44751f-cd71-4a92-bb0f-ec645799fec6",
              "parentUUID": "d534c990-7c60-42b4-a979-005fec3fa336",
              "isHook": false,
              "skipped": false
            },
            {
              "title": "Verifica se as demais cores podem ser escolhidas livremente.",
              "fullTitle": "3 - Adicione a cor **preta** como a primeira cor da paleta de cores. Verifica se as demais cores podem ser escolhidas livremente.",
              "timedOut": null,
              "duration": 4216,
              "state": "failed",
              "speed": null,
              "pass": false,
              "fail": true,
              "pending": false,
              "context": null,
              "code": "cy.get('.color').eq(1).should('not.have.css', 'background-color', BLACK);\ncy.get('.color').eq(1).should('not.have.css', 'background-color', WHITE);\ncy.get('.color').eq(1).should('not.have.css', 'background-color', 'rgba(0, 0, 0, 0)');\ncy.get('.color').eq(1).should('have.css', 'background-color');\ncy.get('.color').eq(2).should('not.have.css', 'background-color', BLACK);\ncy.get('.color').eq(2).should('not.have.css', 'background-color', WHITE);\ncy.get('.color').eq(2).should('not.have.css', 'background-color', 'rgba(0, 0, 0, 0)');\ncy.get('.color').eq(2).should('have.css', 'background-color');\ncy.get('.color').eq(3).should('not.have.css', 'background-color', BLACK);\ncy.get('.color').eq(3).should('not.have.css', 'background-color', WHITE);\ncy.get('.color').eq(3).should('not.have.css', 'background-color', 'rgba(0, 0, 0, 0)');\ncy.get('.color').eq(3).should('have.css', 'background-color');",
              "err": {
                "message": "CypressError: Timed out retrying: Expected to find element: '.color', but never found it.",
                "estack": "CypressError: Timed out retrying: Expected to find element: '.color', but never found it.\n    at cypressErr (http://localhost:44267/__cypress/runner/cypress_runner.js:149934:9)\n    at throwErr (http://localhost:44267/__cypress/runner/cypress_runner.js:149867:11)\n    at Object.throwErrByPath (http://localhost:44267/__cypress/runner/cypress_runner.js:149915:3)\n    at retry (http://localhost:44267/__cypress/runner/cypress_runner.js:144197:19)\n    at onFailFn (http://localhost:44267/__cypress/runner/cypress_runner.js:132448:16)\n    at tryCatcher (http://localhost:44267/__cypress/runner/cypress_runner.js:167415:23)\n    at Promise._settlePromiseFromHandler (http://localhost:44267/__cypress/runner/cypress_runner.js:165351:31)\n    at Promise._settlePromise (http://localhost:44267/__cypress/runner/cypress_runner.js:165408:18)\n    at Promise._settlePromise0 (http://localhost:44267/__cypress/runner/cypress_runner.js:165453:10)\n    at Promise._settlePromises (http://localhost:44267/__cypress/runner/cypress_runner.js:165528:18)\n    at Async../node_modules/bluebird/js/release/async.js.Async._drainQueue (http://localhost:44267/__cypress/runner/cypress_runner.js:162140:16)\n    at Async../node_modules/bluebird/js/release/async.js.Async._drainQueues (http://localhost:44267/__cypress/runner/cypress_runner.js:162150:10)\n    at Async.drainQueues (http://localhost:44267/__cypress/runner/cypress_runner.js:162024:14)",
                "diff": null
              },
              "uuid": "7a105ea9-a486-4e05-b04e-33155d2397a2",
              "parentUUID": "d534c990-7c60-42b4-a979-005fec3fa336",
              "isHook": false,
              "skipped": false
            }
          ],
          "suites": [],
          "passes": [],
          "failures": [
            "7e44751f-cd71-4a92-bb0f-ec645799fec6",
            "7a105ea9-a486-4e05-b04e-33155d2397a2"
          ],
          "pending": [],
          "skipped": [],
          "duration": 8434,
          "root": false,
          "rootEmpty": false,
          "_timeout": 2000
        },
        {
          "uuid": "890ffc4a-6cb1-41ad-af9b-5ff8547165af",
          "title": "4 - Adicione à página um quadro de pixels, com 25 pixels.",
          "fullFile": "",
          "file": "",
          "beforeHooks": [],
          "afterHooks": [],
          "tests": [
            {
              "title": "Verifica se o quadro de pixels possui o `id` denominado `pixel-board`",
              "fullTitle": "4 - Adicione à página um quadro de pixels, com 25 pixels. Verifica se o quadro de pixels possui o `id` denominado `pixel-board`",
              "timedOut": null,
              "duration": 4239,
              "state": "failed",
              "speed": null,
              "pass": false,
              "fail": true,
              "pending": false,
              "context": null,
              "code": "cy.get('#pixel-board').should('be.visible');",
              "err": {
                "message": "CypressError: Timed out retrying: Expected to find element: '#pixel-board', but never found it.",
                "estack": "CypressError: Timed out retrying: Expected to find element: '#pixel-board', but never found it.\n    at cypressErr (http://localhost:44267/__cypress/runner/cypress_runner.js:149934:9)\n    at throwErr (http://localhost:44267/__cypress/runner/cypress_runner.js:149867:11)\n    at Object.throwErrByPath (http://localhost:44267/__cypress/runner/cypress_runner.js:149915:3)\n    at retry (http://localhost:44267/__cypress/runner/cypress_runner.js:144197:19)\n    at onFailFn (http://localhost:44267/__cypress/runner/cypress_runner.js:132448:16)\n    at tryCatcher (http://localhost:44267/__cypress/runner/cypress_runner.js:167415:23)\n    at Promise._settlePromiseFromHandler (http://localhost:44267/__cypress/runner/cypress_runner.js:165351:31)\n    at Promise._settlePromise (http://localhost:44267/__cypress/runner/cypress_runner.js:165408:18)\n    at Promise._settlePromise0 (http://localhost:44267/__cypress/runner/cypress_runner.js:165453:10)\n    at Promise._settlePromises (http://localhost:44267/__cypress/runner/cypress_runner.js:165528:18)\n    at Async../node_modules/bluebird/js/release/async.js.Async._drainQueue (http://localhost:44267/__cypress/runner/cypress_runner.js:162140:16)\n    at Async../node_modules/bluebird/js/release/async.js.Async._drainQueues (http://localhost:44267/__cypress/runner/cypress_runner.js:162150:10)\n    at Async.drainQueues (http://localhost:44267/__cypress/runner/cypress_runner.js:162024:14)",
                "diff": null
              },
              "uuid": "483737c7-b881-4b35-be54-dc78bbdc4a3e",
              "parentUUID": "890ffc4a-6cb1-41ad-af9b-5ff8547165af",
              "isHook": false,
              "skipped": false
            },
            {
              "title": "Verifica se cada pixel individual dentro do quadro possui a `classe` denominada `pixel`.",
              "fullTitle": "4 - Adicione à página um quadro de pixels, com 25 pixels. Verifica se cada pixel individual dentro do quadro possui a `classe` denominada `pixel`.",
              "timedOut": null,
              "duration": 4237,
              "state": "failed",
              "speed": null,
              "pass": false,
              "fail": true,
              "pending": false,
              "context": null,
              "code": "cy.get('.pixel').should('have.length', 25);",
              "err": {
                "message": "CypressError: Timed out retrying: Expected to find element: '.pixel', but never found it.",
                "estack": "CypressError: Timed out retrying: Expected to find element: '.pixel', but never found it.\n    at cypressErr (http://localhost:44267/__cypress/runner/cypress_runner.js:149934:9)\n    at throwErr (http://localhost:44267/__cypress/runner/cypress_runner.js:149867:11)\n    at Object.throwErrByPath (http://localhost:44267/__cypress/runner/cypress_runner.js:149915:3)\n    at retry (http://localhost:44267/__cypress/runner/cypress_runner.js:144197:19)\n    at onFailFn (http://localhost:44267/__cypress/runner/cypress_runner.js:132448:16)\n    at tryCatcher (http://localhost:44267/__cypress/runner/cypress_runner.js:167415:23)\n    at Promise._settlePromiseFromHandler (http://localhost:44267/__cypress/runner/cypress_runner.js:165351:31)\n    at Promise._settlePromise (http://localhost:44267/__cypress/runner/cypress_runner.js:165408:18)\n    at Promise._settlePromise0 (http://localhost:44267/__cypress/runner/cypress_runner.js:165453:10)\n    at Promise._settlePromises (http://localhost:44267/__cypress/runner/cypress_runner.js:165528:18)\n    at Async../node_modules/bluebird/js/release/async.js.Async._drainQueue (http://localhost:44267/__cypress/runner/cypress_runner.js:162140:16)\n    at Async../node_modules/bluebird/js/release/async.js.Async._drainQueues (http://localhost:44267/__cypress/runner/cypress_runner.js:162150:10)\n    at Async.drainQueues (http://localhost:44267/__cypress/runner/cypress_runner.js:162024:14)",
                "diff": null
              },
              "uuid": "0c24432d-5579-4c31-99a8-a9dd71a8a3bd",
              "parentUUID": "890ffc4a-6cb1-41ad-af9b-5ff8547165af",
              "isHook": false,
              "skipped": false
            },
            {
              "title": "Verifica se a cor inicial dos pixels dentro do quadro, ao abrir a página, é branca.",
              "fullTitle": "4 - Adicione à página um quadro de pixels, com 25 pixels. Verifica se a cor inicial dos pixels dentro do quadro, ao abrir a página, é branca.",
              "timedOut": null,
              "duration": 4265,
              "state": "failed",
              "speed": null,
              "pass": false,
              "fail": true,
              "pending": false,
              "context": null,
              "code": "cy.get('.pixel').should('have.length', 25).each(function (pixel) {\n  expect(pixel).to.have.css('background-color', WHITE);\n});",
              "err": {
                "message": "CypressError: Timed out retrying: Expected to find element: '.pixel', but never found it.",
                "estack": "CypressError: Timed out retrying: Expected to find element: '.pixel', but never found it.\n    at cypressErr (http://localhost:44267/__cypress/runner/cypress_runner.js:149934:9)\n    at throwErr (http://localhost:44267/__cypress/runner/cypress_runner.js:149867:11)\n    at Object.throwErrByPath (http://localhost:44267/__cypress/runner/cypress_runner.js:149915:3)\n    at retry (http://localhost:44267/__cypress/runner/cypress_runner.js:144197:19)\n    at onFailFn (http://localhost:44267/__cypress/runner/cypress_runner.js:132448:16)\n    at tryCatcher (http://localhost:44267/__cypress/runner/cypress_runner.js:167415:23)\n    at Promise._settlePromiseFromHandler (http://localhost:44267/__cypress/runner/cypress_runner.js:165351:31)\n    at Promise._settlePromise (http://localhost:44267/__cypress/runner/cypress_runner.js:165408:18)\n    at Promise._settlePromise0 (http://localhost:44267/__cypress/runner/cypress_runner.js:165453:10)\n    at Promise._settlePromises (http://localhost:44267/__cypress/runner/cypress_runner.js:165528:18)\n    at Async../node_modules/bluebird/js/release/async.js.Async._drainQueue (http://localhost:44267/__cypress/runner/cypress_runner.js:162140:16)\n    at Async../node_modules/bluebird/js/release/async.js.Async._drainQueues (http://localhost:44267/__cypress/runner/cypress_runner.js:162150:10)\n    at Async.drainQueues (http://localhost:44267/__cypress/runner/cypress_runner.js:162024:14)",
                "diff": null
              },
              "uuid": "87ee1b20-c4d0-4d31-ac1e-2abbf2a7c9bb",
              "parentUUID": "890ffc4a-6cb1-41ad-af9b-5ff8547165af",
              "isHook": false,
              "skipped": false
            },
            {
              "title": "Verifica se o quadro de pixels aparece abaixo da paleta de cores",
              "fullTitle": "4 - Adicione à página um quadro de pixels, com 25 pixels. Verifica se o quadro de pixels aparece abaixo da paleta de cores",
              "timedOut": null,
              "duration": 4226,
              "state": "failed",
              "speed": null,
              "pass": false,
              "fail": true,
              "pending": false,
              "context": null,
              "code": "cy.get('#color-palette').then(function (palette) {\n  cy.get('#pixel-board').should('be.belowOf', palette);\n});",
              "err": {
                "message": "CypressError: Timed out retrying: Expected to find element: '#color-palette', but never found it.",
                "estack": "CypressError: Timed out retrying: Expected to find element: '#color-palette', but never found it.\n    at cypressErr (http://localhost:44267/__cypress/runner/cypress_runner.js:149934:9)\n    at throwErr (http://localhost:44267/__cypress/runner/cypress_runner.js:149867:11)\n    at Object.throwErrByPath (http://localhost:44267/__cypress/runner/cypress_runner.js:149915:3)\n    at retry (http://localhost:44267/__cypress/runner/cypress_runner.js:144197:19)\n    at onFailFn (http://localhost:44267/__cypress/runner/cypress_runner.js:132448:16)\n    at tryCatcher (http://localhost:44267/__cypress/runner/cypress_runner.js:167415:23)\n    at Promise._settlePromiseFromHandler (http://localhost:44267/__cypress/runner/cypress_runner.js:165351:31)\n    at Promise._settlePromise (http://localhost:44267/__cypress/runner/cypress_runner.js:165408:18)\n    at Promise._settlePromise0 (http://localhost:44267/__cypress/runner/cypress_runner.js:165453:10)\n    at Promise._settlePromises (http://localhost:44267/__cypress/runner/cypress_runner.js:165528:18)\n    at Async../node_modules/bluebird/js/release/async.js.Async._drainQueue (http://localhost:44267/__cypress/runner/cypress_runner.js:162140:16)\n    at Async../node_modules/bluebird/js/release/async.js.Async._drainQueues (http://localhost:44267/__cypress/runner/cypress_runner.js:162150:10)\n    at Async.drainQueues (http://localhost:44267/__cypress/runner/cypress_runner.js:162024:14)",
                "diff": null
              },
              "uuid": "06e9b5ea-d996-42bf-88d0-e672223b78ca",
              "parentUUID": "890ffc4a-6cb1-41ad-af9b-5ff8547165af",
              "isHook": false,
              "skipped": false
            }
          ],
          "suites": [],
          "passes": [],
          "failures": [
            "483737c7-b881-4b35-be54-dc78bbdc4a3e",
            "0c24432d-5579-4c31-99a8-a9dd71a8a3bd",
            "87ee1b20-c4d0-4d31-ac1e-2abbf2a7c9bb",
            "06e9b5ea-d996-42bf-88d0-e672223b78ca"
          ],
          "pending": [],
          "skipped": [],
          "duration": 16967,
          "root": false,
          "rootEmpty": false,
          "_timeout": 2000
        },
        {
          "uuid": "bd2bd2ad-5db8-4dd0-8d10-6793eb3bf428",
          "title": "5 - Faça com que cada elemento do quadro de pixels possua 40 pixels de largura, 40 pixels de altura e seja delimitado por uma borda preta de 1 pixel.",
          "fullFile": "",
          "file": "",
          "beforeHooks": [],
          "afterHooks": [],
          "tests": [
            {
              "title": "Verifica se o quadro de pixels tem altura e comprimento de 5 elementos",
              "fullTitle": "5 - Faça com que cada elemento do quadro de pixels possua 40 pixels de largura, 40 pixels de altura e seja delimitado por uma borda preta de 1 pixel. Verifica se o quadro de pixels tem altura e comprimento de 5 elementos",
              "timedOut": null,
              "duration": 4216,
              "state": "failed",
              "speed": null,
              "pass": false,
              "fail": true,
              "pending": false,
              "context": null,
              "code": "cy.get('.pixel').should('have.length', 25).each(function (pixel) {\n  expect(pixel).to.have.css('background-color', WHITE);\n}).and(function (pixels) {\n  var rows = chunk(pixels, 5);\n  rows.forEach(function (row) {\n    for (var index = 1; index < row.length; index += 1) {\n      var current = pixels[index];\n      var previous = pixels[index - 1];\n      cy.wrap(current).should('be.onTheRightOf', previous).and('be.horizontallyAlignedWith', previous);\n    }\n  });\n  for (var index = 1; index < 5; index += 1) {\n    expect(pixels[index * 5]).to.be.belowOf(pixels[(index - 1) * 5]);\n  }\n});",
              "err": {
                "message": "CypressError: Timed out retrying: Expected to find element: '.pixel', but never found it.",
                "estack": "CypressError: Timed out retrying: Expected to find element: '.pixel', but never found it.\n    at cypressErr (http://localhost:44267/__cypress/runner/cypress_runner.js:149934:9)\n    at throwErr (http://localhost:44267/__cypress/runner/cypress_runner.js:149867:11)\n    at Object.throwErrByPath (http://localhost:44267/__cypress/runner/cypress_runner.js:149915:3)\n    at retry (http://localhost:44267/__cypress/runner/cypress_runner.js:144197:19)\n    at onFailFn (http://localhost:44267/__cypress/runner/cypress_runner.js:132448:16)\n    at tryCatcher (http://localhost:44267/__cypress/runner/cypress_runner.js:167415:23)\n    at Promise._settlePromiseFromHandler (http://localhost:44267/__cypress/runner/cypress_runner.js:165351:31)\n    at Promise._settlePromise (http://localhost:44267/__cypress/runner/cypress_runner.js:165408:18)\n    at Promise._settlePromise0 (http://localhost:44267/__cypress/runner/cypress_runner.js:165453:10)\n    at Promise._settlePromises (http://localhost:44267/__cypress/runner/cypress_runner.js:165528:18)\n    at Async../node_modules/bluebird/js/release/async.js.Async._drainQueue (http://localhost:44267/__cypress/runner/cypress_runner.js:162140:16)\n    at Async../node_modules/bluebird/js/release/async.js.Async._drainQueues (http://localhost:44267/__cypress/runner/cypress_runner.js:162150:10)\n    at Async.drainQueues (http://localhost:44267/__cypress/runner/cypress_runner.js:162024:14)",
                "diff": null
              },
              "uuid": "14149afe-fc65-411b-9cba-5d7a821dc868",
              "parentUUID": "bd2bd2ad-5db8-4dd0-8d10-6793eb3bf428",
              "isHook": false,
              "skipped": false
            },
            {
              "title": "Verifica se 40 pixels é o tamanho total do elemento, incluindo seu conteúdo e excluindo a borda preta, que deve ser criada à parte.",
              "fullTitle": "5 - Faça com que cada elemento do quadro de pixels possua 40 pixels de largura, 40 pixels de altura e seja delimitado por uma borda preta de 1 pixel. Verifica se 40 pixels é o tamanho total do elemento, incluindo seu conteúdo e excluindo a borda preta, que deve ser criada à parte.",
              "timedOut": null,
              "duration": 4230,
              "state": "failed",
              "speed": null,
              "pass": false,
              "fail": true,
              "pending": false,
              "context": null,
              "code": "cy.get('.pixel').each(function (pixel) {\n  cy.wrap(pixel).should('have.css', 'height', '40px').and('have.css', 'width', '40px').and('have.css', 'border', \"1px solid \".concat(BLACK));\n});",
              "err": {
                "message": "CypressError: Timed out retrying: Expected to find element: '.pixel', but never found it.",
                "estack": "CypressError: Timed out retrying: Expected to find element: '.pixel', but never found it.\n    at cypressErr (http://localhost:44267/__cypress/runner/cypress_runner.js:149934:9)\n    at throwErr (http://localhost:44267/__cypress/runner/cypress_runner.js:149867:11)\n    at Object.throwErrByPath (http://localhost:44267/__cypress/runner/cypress_runner.js:149915:3)\n    at retry (http://localhost:44267/__cypress/runner/cypress_runner.js:144197:19)\n    at onFailFn (http://localhost:44267/__cypress/runner/cypress_runner.js:132448:16)\n    at tryCatcher (http://localhost:44267/__cypress/runner/cypress_runner.js:167415:23)\n    at Promise._settlePromiseFromHandler (http://localhost:44267/__cypress/runner/cypress_runner.js:165351:31)\n    at Promise._settlePromise (http://localhost:44267/__cypress/runner/cypress_runner.js:165408:18)\n    at Promise._settlePromise0 (http://localhost:44267/__cypress/runner/cypress_runner.js:165453:10)\n    at Promise._settlePromises (http://localhost:44267/__cypress/runner/cypress_runner.js:165528:18)\n    at Async../node_modules/bluebird/js/release/async.js.Async._drainQueue (http://localhost:44267/__cypress/runner/cypress_runner.js:162140:16)\n    at Async../node_modules/bluebird/js/release/async.js.Async._drainQueues (http://localhost:44267/__cypress/runner/cypress_runner.js:162150:10)\n    at Async.drainQueues (http://localhost:44267/__cypress/runner/cypress_runner.js:162024:14)",
                "diff": null
              },
              "uuid": "d7f27d8f-d993-40dd-b835-84ae46b3cae6",
              "parentUUID": "bd2bd2ad-5db8-4dd0-8d10-6793eb3bf428",
              "isHook": false,
              "skipped": false
            }
          ],
          "suites": [],
          "passes": [],
          "failures": [
            "14149afe-fc65-411b-9cba-5d7a821dc868",
            "d7f27d8f-d993-40dd-b835-84ae46b3cae6"
          ],
          "pending": [],
          "skipped": [],
          "duration": 8446,
          "root": false,
          "rootEmpty": false,
          "_timeout": 2000
        },
        {
          "uuid": "8117c0ac-dc6a-4b60-a565-0840dcc68b1e",
          "title": "6 - Defina a cor preta como cor inicial. Ao carregar a página a cor preta já deve estar selecionada para pintar os pixels",
          "fullFile": "",
          "file": "",
          "beforeHooks": [],
          "afterHooks": [],
          "tests": [
            {
              "title": "Verifica se o elemento da cor preta possui, inicialmente, a `classe` `selected`",
              "fullTitle": "6 - Defina a cor preta como cor inicial. Ao carregar a página a cor preta já deve estar selecionada para pintar os pixels Verifica se o elemento da cor preta possui, inicialmente, a `classe` `selected`",
              "timedOut": null,
              "duration": 4280,
              "state": "failed",
              "speed": null,
              "pass": false,
              "fail": true,
              "pending": false,
              "context": null,
              "code": "cy.get('.selected').first().should('have.css', 'background-color', BLACK);",
              "err": {
                "message": "CypressError: Timed out retrying: Expected to find element: '.selected', but never found it.",
                "estack": "CypressError: Timed out retrying: Expected to find element: '.selected', but never found it.\n    at cypressErr (http://localhost:44267/__cypress/runner/cypress_runner.js:149934:9)\n    at throwErr (http://localhost:44267/__cypress/runner/cypress_runner.js:149867:11)\n    at Object.throwErrByPath (http://localhost:44267/__cypress/runner/cypress_runner.js:149915:3)\n    at retry (http://localhost:44267/__cypress/runner/cypress_runner.js:144197:19)\n    at onFailFn (http://localhost:44267/__cypress/runner/cypress_runner.js:132448:16)\n    at tryCatcher (http://localhost:44267/__cypress/runner/cypress_runner.js:167415:23)\n    at Promise._settlePromiseFromHandler (http://localhost:44267/__cypress/runner/cypress_runner.js:165351:31)\n    at Promise._settlePromise (http://localhost:44267/__cypress/runner/cypress_runner.js:165408:18)\n    at Promise._settlePromise0 (http://localhost:44267/__cypress/runner/cypress_runner.js:165453:10)\n    at Promise._settlePromises (http://localhost:44267/__cypress/runner/cypress_runner.js:165528:18)\n    at Async../node_modules/bluebird/js/release/async.js.Async._drainQueue (http://localhost:44267/__cypress/runner/cypress_runner.js:162140:16)\n    at Async../node_modules/bluebird/js/release/async.js.Async._drainQueues (http://localhost:44267/__cypress/runner/cypress_runner.js:162150:10)\n    at Async.drainQueues (http://localhost:44267/__cypress/runner/cypress_runner.js:162024:14)",
                "diff": null
              },
              "uuid": "87d40681-439d-40e6-b299-daf746b61e52",
              "parentUUID": "8117c0ac-dc6a-4b60-a565-0840dcc68b1e",
              "isHook": false,
              "skipped": false
            },
            {
              "title": "Verifica se nenhuma outra cor da paleta tem a `classe` `selected`",
              "fullTitle": "6 - Defina a cor preta como cor inicial. Ao carregar a página a cor preta já deve estar selecionada para pintar os pixels Verifica se nenhuma outra cor da paleta tem a `classe` `selected`",
              "timedOut": null,
              "duration": 4234,
              "state": "failed",
              "speed": null,
              "pass": false,
              "fail": true,
              "pending": false,
              "context": null,
              "code": "cy.get('.color:not(:first-child)').each(function (color) {\n  cy.wrap(color).should('not.have.class', 'selected');\n});",
              "err": {
                "message": "CypressError: Timed out retrying: Expected to find element: '.color:not(:first-child)', but never found it.",
                "estack": "CypressError: Timed out retrying: Expected to find element: '.color:not(:first-child)', but never found it.\n    at cypressErr (http://localhost:44267/__cypress/runner/cypress_runner.js:149934:9)\n    at throwErr (http://localhost:44267/__cypress/runner/cypress_runner.js:149867:11)\n    at Object.throwErrByPath (http://localhost:44267/__cypress/runner/cypress_runner.js:149915:3)\n    at retry (http://localhost:44267/__cypress/runner/cypress_runner.js:144197:19)\n    at onFailFn (http://localhost:44267/__cypress/runner/cypress_runner.js:132448:16)\n    at tryCatcher (http://localhost:44267/__cypress/runner/cypress_runner.js:167415:23)\n    at Promise._settlePromiseFromHandler (http://localhost:44267/__cypress/runner/cypress_runner.js:165351:31)\n    at Promise._settlePromise (http://localhost:44267/__cypress/runner/cypress_runner.js:165408:18)\n    at Promise._settlePromise0 (http://localhost:44267/__cypress/runner/cypress_runner.js:165453:10)\n    at Promise._settlePromises (http://localhost:44267/__cypress/runner/cypress_runner.js:165528:18)\n    at Async../node_modules/bluebird/js/release/async.js.Async._drainQueue (http://localhost:44267/__cypress/runner/cypress_runner.js:162140:16)\n    at Async../node_modules/bluebird/js/release/async.js.Async._drainQueues (http://localhost:44267/__cypress/runner/cypress_runner.js:162150:10)\n    at Async.drainQueues (http://localhost:44267/__cypress/runner/cypress_runner.js:162024:14)",
                "diff": null
              },
              "uuid": "09efd7ba-c072-4c84-a526-1401507082b9",
              "parentUUID": "8117c0ac-dc6a-4b60-a565-0840dcc68b1e",
              "isHook": false,
              "skipped": false
            }
          ],
          "suites": [],
          "passes": [],
          "failures": [
            "87d40681-439d-40e6-b299-daf746b61e52",
            "09efd7ba-c072-4c84-a526-1401507082b9"
          ],
          "pending": [],
          "skipped": [],
          "duration": 8514,
          "root": false,
          "rootEmpty": false,
          "_timeout": 2000
        },
        {
          "uuid": "4b7933b0-6d17-4913-8809-bb41a40dc960",
          "title": "7 - Clicar em uma das cores da paleta, faz com que ela seja selecionada e utilizada para preencher os pixels no quadro.",
          "fullFile": "",
          "file": "",
          "beforeHooks": [],
          "afterHooks": [],
          "tests": [
            {
              "title": "Verifica se somente uma cor da paleta de cores tem a classe `selected` de cada vez",
              "fullTitle": "7 - Clicar em uma das cores da paleta, faz com que ela seja selecionada e utilizada para preencher os pixels no quadro. Verifica se somente uma cor da paleta de cores tem a classe `selected` de cada vez",
              "timedOut": null,
              "duration": 4269,
              "state": "failed",
              "speed": null,
              "pass": false,
              "fail": true,
              "pending": false,
              "context": null,
              "code": "cy.get('.color').each(function (selectedColor, selectedColorIndex) {\n  cy.wrap(selectedColor).click();\n  cy.get('.color').each(function (color, colorIndex) {\n    if (colorIndex === selectedColorIndex) {\n      expect(color).to.have[\"class\"]('selected');\n    } else {\n      expect(color).not.to.have[\"class\"]('selected');\n    }\n  });\n});",
              "err": {
                "message": "CypressError: Timed out retrying: Expected to find element: '.color', but never found it.",
                "estack": "CypressError: Timed out retrying: Expected to find element: '.color', but never found it.\n    at cypressErr (http://localhost:44267/__cypress/runner/cypress_runner.js:149934:9)\n    at throwErr (http://localhost:44267/__cypress/runner/cypress_runner.js:149867:11)\n    at Object.throwErrByPath (http://localhost:44267/__cypress/runner/cypress_runner.js:149915:3)\n    at retry (http://localhost:44267/__cypress/runner/cypress_runner.js:144197:19)\n    at onFailFn (http://localhost:44267/__cypress/runner/cypress_runner.js:132448:16)\n    at tryCatcher (http://localhost:44267/__cypress/runner/cypress_runner.js:167415:23)\n    at Promise._settlePromiseFromHandler (http://localhost:44267/__cypress/runner/cypress_runner.js:165351:31)\n    at Promise._settlePromise (http://localhost:44267/__cypress/runner/cypress_runner.js:165408:18)\n    at Promise._settlePromise0 (http://localhost:44267/__cypress/runner/cypress_runner.js:165453:10)\n    at Promise._settlePromises (http://localhost:44267/__cypress/runner/cypress_runner.js:165528:18)\n    at Async../node_modules/bluebird/js/release/async.js.Async._drainQueue (http://localhost:44267/__cypress/runner/cypress_runner.js:162140:16)\n    at Async../node_modules/bluebird/js/release/async.js.Async._drainQueues (http://localhost:44267/__cypress/runner/cypress_runner.js:162150:10)\n    at Async.drainQueues (http://localhost:44267/__cypress/runner/cypress_runner.js:162024:14)",
                "diff": null
              },
              "uuid": "66b2bf8f-e167-4044-bc0d-cc6c02bfd0cc",
              "parentUUID": "4b7933b0-6d17-4913-8809-bb41a40dc960",
              "isHook": false,
              "skipped": false
            },
            {
              "title": "Verifica se os pixels dentro do quadro não têm a classe `selected` quando são clicados",
              "fullTitle": "7 - Clicar em uma das cores da paleta, faz com que ela seja selecionada e utilizada para preencher os pixels no quadro. Verifica se os pixels dentro do quadro não têm a classe `selected` quando são clicados",
              "timedOut": null,
              "duration": 4249,
              "state": "failed",
              "speed": null,
              "pass": false,
              "fail": true,
              "pending": false,
              "context": null,
              "code": "cy.get('.color').each(function (color) {\n  var backgroundColor = color.css('background-color');\n  cy.wrap(color).click();\n  cy.get('.pixel').each(function (pixel) {\n    cy.wrap(pixel).click().should('not.have.class', 'selected');\n  });\n});",
              "err": {
                "message": "CypressError: Timed out retrying: Expected to find element: '.color', but never found it.",
                "estack": "CypressError: Timed out retrying: Expected to find element: '.color', but never found it.\n    at cypressErr (http://localhost:44267/__cypress/runner/cypress_runner.js:149934:9)\n    at throwErr (http://localhost:44267/__cypress/runner/cypress_runner.js:149867:11)\n    at Object.throwErrByPath (http://localhost:44267/__cypress/runner/cypress_runner.js:149915:3)\n    at retry (http://localhost:44267/__cypress/runner/cypress_runner.js:144197:19)\n    at onFailFn (http://localhost:44267/__cypress/runner/cypress_runner.js:132448:16)\n    at tryCatcher (http://localhost:44267/__cypress/runner/cypress_runner.js:167415:23)\n    at Promise._settlePromiseFromHandler (http://localhost:44267/__cypress/runner/cypress_runner.js:165351:31)\n    at Promise._settlePromise (http://localhost:44267/__cypress/runner/cypress_runner.js:165408:18)\n    at Promise._settlePromise0 (http://localhost:44267/__cypress/runner/cypress_runner.js:165453:10)\n    at Promise._settlePromises (http://localhost:44267/__cypress/runner/cypress_runner.js:165528:18)\n    at Async../node_modules/bluebird/js/release/async.js.Async._drainQueue (http://localhost:44267/__cypress/runner/cypress_runner.js:162140:16)\n    at Async../node_modules/bluebird/js/release/async.js.Async._drainQueues (http://localhost:44267/__cypress/runner/cypress_runner.js:162150:10)\n    at Async.drainQueues (http://localhost:44267/__cypress/runner/cypress_runner.js:162024:14)",
                "diff": null
              },
              "uuid": "6bfeb1ca-89cd-4535-b279-a5c8a2d1ce8d",
              "parentUUID": "4b7933b0-6d17-4913-8809-bb41a40dc960",
              "isHook": false,
              "skipped": false
            }
          ],
          "suites": [],
          "passes": [],
          "failures": [
            "66b2bf8f-e167-4044-bc0d-cc6c02bfd0cc",
            "6bfeb1ca-89cd-4535-b279-a5c8a2d1ce8d"
          ],
          "pending": [],
          "skipped": [],
          "duration": 8518,
          "root": false,
          "rootEmpty": false,
          "_timeout": 2000
        },
        {
          "uuid": "de572d98-a161-44a0-a6b5-bdd6ecb3401a",
          "title": "8 - Clicar em um pixel dentro do quadro após selecionar uma cor na paleta, faz com que o pixel seja preenchido com a cor selecionada.",
          "fullFile": "",
          "file": "",
          "beforeHooks": [],
          "afterHooks": [],
          "tests": [
            {
              "title": "Verifica se ao carregar a página deve ser possível pintar os pixels de preto",
              "fullTitle": "8 - Clicar em um pixel dentro do quadro após selecionar uma cor na paleta, faz com que o pixel seja preenchido com a cor selecionada. Verifica se ao carregar a página deve ser possível pintar os pixels de preto",
              "timedOut": null,
              "duration": 4235,
              "state": "failed",
              "speed": null,
              "pass": false,
              "fail": true,
              "pending": false,
              "context": null,
              "code": "cy.get('.pixel').each(function (pixel) {\n  cy.wrap(pixel).click().should('have.css', 'background-color', BLACK);\n});",
              "err": {
                "message": "CypressError: Timed out retrying: Expected to find element: '.pixel', but never found it.",
                "estack": "CypressError: Timed out retrying: Expected to find element: '.pixel', but never found it.\n    at cypressErr (http://localhost:44267/__cypress/runner/cypress_runner.js:149934:9)\n    at throwErr (http://localhost:44267/__cypress/runner/cypress_runner.js:149867:11)\n    at Object.throwErrByPath (http://localhost:44267/__cypress/runner/cypress_runner.js:149915:3)\n    at retry (http://localhost:44267/__cypress/runner/cypress_runner.js:144197:19)\n    at onFailFn (http://localhost:44267/__cypress/runner/cypress_runner.js:132448:16)\n    at tryCatcher (http://localhost:44267/__cypress/runner/cypress_runner.js:167415:23)\n    at Promise._settlePromiseFromHandler (http://localhost:44267/__cypress/runner/cypress_runner.js:165351:31)\n    at Promise._settlePromise (http://localhost:44267/__cypress/runner/cypress_runner.js:165408:18)\n    at Promise._settlePromise0 (http://localhost:44267/__cypress/runner/cypress_runner.js:165453:10)\n    at Promise._settlePromises (http://localhost:44267/__cypress/runner/cypress_runner.js:165528:18)\n    at Async../node_modules/bluebird/js/release/async.js.Async._drainQueue (http://localhost:44267/__cypress/runner/cypress_runner.js:162140:16)\n    at Async../node_modules/bluebird/js/release/async.js.Async._drainQueues (http://localhost:44267/__cypress/runner/cypress_runner.js:162150:10)\n    at Async.drainQueues (http://localhost:44267/__cypress/runner/cypress_runner.js:162024:14)",
                "diff": null
              },
              "uuid": "222c2054-ee4b-4188-b8a8-7a838f86bfce",
              "parentUUID": "de572d98-a161-44a0-a6b5-bdd6ecb3401a",
              "isHook": false,
              "skipped": false
            },
            {
              "title": "Verifica se após selecionar uma outra cor na paleta, é possível pintar os pixels com essa cor",
              "fullTitle": "8 - Clicar em um pixel dentro do quadro após selecionar uma cor na paleta, faz com que o pixel seja preenchido com a cor selecionada. Verifica se após selecionar uma outra cor na paleta, é possível pintar os pixels com essa cor",
              "timedOut": null,
              "duration": 4229,
              "state": "failed",
              "speed": null,
              "pass": false,
              "fail": true,
              "pending": false,
              "context": null,
              "code": "cy.get('.color').each(function (color) {\n  var backgroundColor = color.css('background-color');\n  cy.wrap(color).click();\n  cy.get('.pixel').each(function (pixel) {\n    cy.wrap(pixel).click().should('have.css', 'background-color', backgroundColor);\n  });\n});",
              "err": {
                "message": "CypressError: Timed out retrying: Expected to find element: '.color', but never found it.",
                "estack": "CypressError: Timed out retrying: Expected to find element: '.color', but never found it.\n    at cypressErr (http://localhost:44267/__cypress/runner/cypress_runner.js:149934:9)\n    at throwErr (http://localhost:44267/__cypress/runner/cypress_runner.js:149867:11)\n    at Object.throwErrByPath (http://localhost:44267/__cypress/runner/cypress_runner.js:149915:3)\n    at retry (http://localhost:44267/__cypress/runner/cypress_runner.js:144197:19)\n    at onFailFn (http://localhost:44267/__cypress/runner/cypress_runner.js:132448:16)\n    at tryCatcher (http://localhost:44267/__cypress/runner/cypress_runner.js:167415:23)\n    at Promise._settlePromiseFromHandler (http://localhost:44267/__cypress/runner/cypress_runner.js:165351:31)\n    at Promise._settlePromise (http://localhost:44267/__cypress/runner/cypress_runner.js:165408:18)\n    at Promise._settlePromise0 (http://localhost:44267/__cypress/runner/cypress_runner.js:165453:10)\n    at Promise._settlePromises (http://localhost:44267/__cypress/runner/cypress_runner.js:165528:18)\n    at Async../node_modules/bluebird/js/release/async.js.Async._drainQueue (http://localhost:44267/__cypress/runner/cypress_runner.js:162140:16)\n    at Async../node_modules/bluebird/js/release/async.js.Async._drainQueues (http://localhost:44267/__cypress/runner/cypress_runner.js:162150:10)\n    at Async.drainQueues (http://localhost:44267/__cypress/runner/cypress_runner.js:162024:14)",
                "diff": null
              },
              "uuid": "778a6a71-0812-47c9-ba15-1291c7409490",
              "parentUUID": "de572d98-a161-44a0-a6b5-bdd6ecb3401a",
              "isHook": false,
              "skipped": false
            },
            {
              "title": "Verifica se somente o pixel que foi clicado foi preenchido com a cor selecionada, sem influenciar na cor dos demais pixels.",
              "fullTitle": "8 - Clicar em um pixel dentro do quadro após selecionar uma cor na paleta, faz com que o pixel seja preenchido com a cor selecionada. Verifica se somente o pixel que foi clicado foi preenchido com a cor selecionada, sem influenciar na cor dos demais pixels.",
              "timedOut": null,
              "duration": 4262,
              "state": "failed",
              "speed": null,
              "pass": false,
              "fail": true,
              "pending": false,
              "context": null,
              "code": "var colorToPixelIndexMap = {\n  0: 6,\n  1: 8,\n  2: 16,\n  3: 18\n};\ncy.get('.color').each(function (color, index) {\n  cy.wrap(color).click();\n  var backgroundColor = color.css('background-color');\n  var clickedPixelIndex = colorToPixelIndexMap[index];\n  cy.get('.pixel').eq(clickedPixelIndex).click();\n  cy.get('.pixel').eq(clickedPixelIndex - 1).should('not.have.css', 'background-color', backgroundColor);\n  cy.get('.pixel').eq(clickedPixelIndex + 1).should('not.have.css', 'background-color', backgroundColor);\n  cy.get('.pixel').eq(clickedPixelIndex - 5).should('not.have.css', 'background-color', backgroundColor);\n  cy.get('.pixel').eq(clickedPixelIndex + 5).should('not.have.css', 'background-color', backgroundColor);\n  cy.get('.pixel').eq(clickedPixelIndex - 6).should('not.have.css', 'background-color', backgroundColor);\n  cy.get('.pixel').eq(clickedPixelIndex - 4).should('not.have.css', 'background-color', backgroundColor);\n  cy.get('.pixel').eq(clickedPixelIndex + 4).should('not.have.css', 'background-color', backgroundColor);\n  cy.get('.pixel').eq(clickedPixelIndex + 6).should('not.have.css', 'background-color', backgroundColor);\n});",
              "err": {
                "message": "CypressError: Timed out retrying: Expected to find element: '.color', but never found it.",
                "estack": "CypressError: Timed out retrying: Expected to find element: '.color', but never found it.\n    at cypressErr (http://localhost:44267/__cypress/runner/cypress_runner.js:149934:9)\n    at throwErr (http://localhost:44267/__cypress/runner/cypress_runner.js:149867:11)\n    at Object.throwErrByPath (http://localhost:44267/__cypress/runner/cypress_runner.js:149915:3)\n    at retry (http://localhost:44267/__cypress/runner/cypress_runner.js:144197:19)\n    at onFailFn (http://localhost:44267/__cypress/runner/cypress_runner.js:132448:16)\n    at tryCatcher (http://localhost:44267/__cypress/runner/cypress_runner.js:167415:23)\n    at Promise._settlePromiseFromHandler (http://localhost:44267/__cypress/runner/cypress_runner.js:165351:31)\n    at Promise._settlePromise (http://localhost:44267/__cypress/runner/cypress_runner.js:165408:18)\n    at Promise._settlePromise0 (http://localhost:44267/__cypress/runner/cypress_runner.js:165453:10)\n    at Promise._settlePromises (http://localhost:44267/__cypress/runner/cypress_runner.js:165528:18)\n    at Async../node_modules/bluebird/js/release/async.js.Async._drainQueue (http://localhost:44267/__cypress/runner/cypress_runner.js:162140:16)\n    at Async../node_modules/bluebird/js/release/async.js.Async._drainQueues (http://localhost:44267/__cypress/runner/cypress_runner.js:162150:10)\n    at Async.drainQueues (http://localhost:44267/__cypress/runner/cypress_runner.js:162024:14)",
                "diff": null
              },
              "uuid": "8103a97e-154f-4cca-bc9f-6a4298e622c7",
              "parentUUID": "de572d98-a161-44a0-a6b5-bdd6ecb3401a",
              "isHook": false,
              "skipped": false
            }
          ],
          "suites": [],
          "passes": [],
          "failures": [
            "222c2054-ee4b-4188-b8a8-7a838f86bfce",
            "778a6a71-0812-47c9-ba15-1291c7409490",
            "8103a97e-154f-4cca-bc9f-6a4298e622c7"
          ],
          "pending": [],
          "skipped": [],
          "duration": 12726,
          "root": false,
          "rootEmpty": false,
          "_timeout": 2000
        },
        {
          "uuid": "e202b014-39f4-44f7-a1eb-dde7e7b70c93",
          "title": "9 - Crie um botão que, ao ser clicado, limpa o quadro preenchendo a cor de todos seus pixels com branco.",
          "fullFile": "",
          "file": "",
          "beforeHooks": [],
          "afterHooks": [],
          "tests": [
            {
              "title": "Verifica se o botão tem o `id` denominado `clear-board`",
              "fullTitle": "9 - Crie um botão que, ao ser clicado, limpa o quadro preenchendo a cor de todos seus pixels com branco. Verifica se o botão tem o `id` denominado `clear-board`",
              "timedOut": null,
              "duration": 4256,
              "state": "failed",
              "speed": null,
              "pass": false,
              "fail": true,
              "pending": false,
              "context": null,
              "code": "cy.get('#clear-board').should('be.visible');",
              "err": {
                "message": "CypressError: Timed out retrying: Expected to find element: '#clear-board', but never found it.",
                "estack": "CypressError: Timed out retrying: Expected to find element: '#clear-board', but never found it.\n    at cypressErr (http://localhost:44267/__cypress/runner/cypress_runner.js:149934:9)\n    at throwErr (http://localhost:44267/__cypress/runner/cypress_runner.js:149867:11)\n    at Object.throwErrByPath (http://localhost:44267/__cypress/runner/cypress_runner.js:149915:3)\n    at retry (http://localhost:44267/__cypress/runner/cypress_runner.js:144197:19)\n    at onFailFn (http://localhost:44267/__cypress/runner/cypress_runner.js:132448:16)\n    at tryCatcher (http://localhost:44267/__cypress/runner/cypress_runner.js:167415:23)\n    at Promise._settlePromiseFromHandler (http://localhost:44267/__cypress/runner/cypress_runner.js:165351:31)\n    at Promise._settlePromise (http://localhost:44267/__cypress/runner/cypress_runner.js:165408:18)\n    at Promise._settlePromise0 (http://localhost:44267/__cypress/runner/cypress_runner.js:165453:10)\n    at Promise._settlePromises (http://localhost:44267/__cypress/runner/cypress_runner.js:165528:18)\n    at Async../node_modules/bluebird/js/release/async.js.Async._drainQueue (http://localhost:44267/__cypress/runner/cypress_runner.js:162140:16)\n    at Async../node_modules/bluebird/js/release/async.js.Async._drainQueues (http://localhost:44267/__cypress/runner/cypress_runner.js:162150:10)\n    at Async.drainQueues (http://localhost:44267/__cypress/runner/cypress_runner.js:162024:14)",
                "diff": null
              },
              "uuid": "353a68b0-90df-4e29-a267-fb8c228a520c",
              "parentUUID": "e202b014-39f4-44f7-a1eb-dde7e7b70c93",
              "isHook": false,
              "skipped": false
            },
            {
              "title": "Verifica se o botão está posicionado entre a paleta de cores e o quadro de pixels",
              "fullTitle": "9 - Crie um botão que, ao ser clicado, limpa o quadro preenchendo a cor de todos seus pixels com branco. Verifica se o botão está posicionado entre a paleta de cores e o quadro de pixels",
              "timedOut": null,
              "duration": 4266,
              "state": "failed",
              "speed": null,
              "pass": false,
              "fail": true,
              "pending": false,
              "context": null,
              "code": "cy.get('#color-palette').then(function (palette) {\n  cy.get('#clear-board').should('be.belowOf', palette);\n});\ncy.get('#clear-board').then(function (clearBtn) {\n  cy.get('#pixel-board').should('be.belowOf', clearBtn);\n});",
              "err": {
                "message": "CypressError: Timed out retrying: Expected to find element: '#color-palette', but never found it.",
                "estack": "CypressError: Timed out retrying: Expected to find element: '#color-palette', but never found it.\n    at cypressErr (http://localhost:44267/__cypress/runner/cypress_runner.js:149934:9)\n    at throwErr (http://localhost:44267/__cypress/runner/cypress_runner.js:149867:11)\n    at Object.throwErrByPath (http://localhost:44267/__cypress/runner/cypress_runner.js:149915:3)\n    at retry (http://localhost:44267/__cypress/runner/cypress_runner.js:144197:19)\n    at onFailFn (http://localhost:44267/__cypress/runner/cypress_runner.js:132448:16)\n    at tryCatcher (http://localhost:44267/__cypress/runner/cypress_runner.js:167415:23)\n    at Promise._settlePromiseFromHandler (http://localhost:44267/__cypress/runner/cypress_runner.js:165351:31)\n    at Promise._settlePromise (http://localhost:44267/__cypress/runner/cypress_runner.js:165408:18)\n    at Promise._settlePromise0 (http://localhost:44267/__cypress/runner/cypress_runner.js:165453:10)\n    at Promise._settlePromises (http://localhost:44267/__cypress/runner/cypress_runner.js:165528:18)\n    at Async../node_modules/bluebird/js/release/async.js.Async._drainQueue (http://localhost:44267/__cypress/runner/cypress_runner.js:162140:16)\n    at Async../node_modules/bluebird/js/release/async.js.Async._drainQueues (http://localhost:44267/__cypress/runner/cypress_runner.js:162150:10)\n    at Async.drainQueues (http://localhost:44267/__cypress/runner/cypress_runner.js:162024:14)",
                "diff": null
              },
              "uuid": "0ffd1710-47be-45fb-a934-1d53988f904f",
              "parentUUID": "e202b014-39f4-44f7-a1eb-dde7e7b70c93",
              "isHook": false,
              "skipped": false
            },
            {
              "title": "Verifica se o texto do botão é 'Limpar'",
              "fullTitle": "9 - Crie um botão que, ao ser clicado, limpa o quadro preenchendo a cor de todos seus pixels com branco. Verifica se o texto do botão é 'Limpar'",
              "timedOut": null,
              "duration": 4271,
              "state": "failed",
              "speed": null,
              "pass": false,
              "fail": true,
              "pending": false,
              "context": null,
              "code": "cy.get('#clear-board').should('contain.text', 'Limpar');",
              "err": {
                "message": "CypressError: Timed out retrying: Expected to find element: '#clear-board', but never found it.",
                "estack": "CypressError: Timed out retrying: Expected to find element: '#clear-board', but never found it.\n    at cypressErr (http://localhost:44267/__cypress/runner/cypress_runner.js:149934:9)\n    at throwErr (http://localhost:44267/__cypress/runner/cypress_runner.js:149867:11)\n    at Object.throwErrByPath (http://localhost:44267/__cypress/runner/cypress_runner.js:149915:3)\n    at retry (http://localhost:44267/__cypress/runner/cypress_runner.js:144197:19)\n    at onFailFn (http://localhost:44267/__cypress/runner/cypress_runner.js:132448:16)\n    at tryCatcher (http://localhost:44267/__cypress/runner/cypress_runner.js:167415:23)\n    at Promise._settlePromiseFromHandler (http://localhost:44267/__cypress/runner/cypress_runner.js:165351:31)\n    at Promise._settlePromise (http://localhost:44267/__cypress/runner/cypress_runner.js:165408:18)\n    at Promise._settlePromise0 (http://localhost:44267/__cypress/runner/cypress_runner.js:165453:10)\n    at Promise._settlePromises (http://localhost:44267/__cypress/runner/cypress_runner.js:165528:18)\n    at Async../node_modules/bluebird/js/release/async.js.Async._drainQueue (http://localhost:44267/__cypress/runner/cypress_runner.js:162140:16)\n    at Async../node_modules/bluebird/js/release/async.js.Async._drainQueues (http://localhost:44267/__cypress/runner/cypress_runner.js:162150:10)\n    at Async.drainQueues (http://localhost:44267/__cypress/runner/cypress_runner.js:162024:14)",
                "diff": null
              },
              "uuid": "dfb1a12b-7a42-487a-9e63-211641d6d581",
              "parentUUID": "e202b014-39f4-44f7-a1eb-dde7e7b70c93",
              "isHook": false,
              "skipped": false
            },
            {
              "title": "Verifica se ao clicar no botão, o quadro de pixels é totalmente preenchido de branco",
              "fullTitle": "9 - Crie um botão que, ao ser clicado, limpa o quadro preenchendo a cor de todos seus pixels com branco. Verifica se ao clicar no botão, o quadro de pixels é totalmente preenchido de branco",
              "timedOut": null,
              "duration": 4256,
              "state": "failed",
              "speed": null,
              "pass": false,
              "fail": true,
              "pending": false,
              "context": null,
              "code": "cy.get('.color').eq(1).then(function (color) {\n  var backgroundColor = color.css('background-color');\n  cy.wrap(color).click();\n  cy.get('.pixel').each(function (pixel) {\n    cy.wrap(pixel).click().should('have.css', 'background-color', backgroundColor);\n  });\n});\ncy.get('#clear-board').click();\ncy.get('.pixel').each(function (pixel) {\n  cy.wrap(pixel).should('have.css', 'background-color', WHITE);\n});",
              "err": {
                "message": "CypressError: Timed out retrying: Expected to find element: '.color', but never found it.",
                "estack": "CypressError: Timed out retrying: Expected to find element: '.color', but never found it.\n    at cypressErr (http://localhost:44267/__cypress/runner/cypress_runner.js:149934:9)\n    at throwErr (http://localhost:44267/__cypress/runner/cypress_runner.js:149867:11)\n    at Object.throwErrByPath (http://localhost:44267/__cypress/runner/cypress_runner.js:149915:3)\n    at retry (http://localhost:44267/__cypress/runner/cypress_runner.js:144197:19)\n    at onFailFn (http://localhost:44267/__cypress/runner/cypress_runner.js:132448:16)\n    at tryCatcher (http://localhost:44267/__cypress/runner/cypress_runner.js:167415:23)\n    at Promise._settlePromiseFromHandler (http://localhost:44267/__cypress/runner/cypress_runner.js:165351:31)\n    at Promise._settlePromise (http://localhost:44267/__cypress/runner/cypress_runner.js:165408:18)\n    at Promise._settlePromise0 (http://localhost:44267/__cypress/runner/cypress_runner.js:165453:10)\n    at Promise._settlePromises (http://localhost:44267/__cypress/runner/cypress_runner.js:165528:18)\n    at Async../node_modules/bluebird/js/release/async.js.Async._drainQueue (http://localhost:44267/__cypress/runner/cypress_runner.js:162140:16)\n    at Async../node_modules/bluebird/js/release/async.js.Async._drainQueues (http://localhost:44267/__cypress/runner/cypress_runner.js:162150:10)\n    at Async.drainQueues (http://localhost:44267/__cypress/runner/cypress_runner.js:162024:14)",
                "diff": null
              },
              "uuid": "098877d0-61e0-4fc0-865d-83a16c5754b6",
              "parentUUID": "e202b014-39f4-44f7-a1eb-dde7e7b70c93",
              "isHook": false,
              "skipped": false
            }
          ],
          "suites": [],
          "passes": [],
          "failures": [
            "353a68b0-90df-4e29-a267-fb8c228a520c",
            "0ffd1710-47be-45fb-a934-1d53988f904f",
[...]
                "diff": null
              },
              "uuid": "d3f4ac70-f2e6-47c3-b7ad-7493f15fc881",
              "parentUUID": "de3ae6e0-8e98-4062-8486-de54bbb5c523",
              "isHook": false,
              "skipped": false
            },
            {
              "title": "Verifica se o novo quadro tem todos os pixels preenchidos com a cor branca",
              "fullTitle": "10 - Faça o quadro de pixels ter seu tamanho definido pelo usuário. Verifica se o novo quadro tem todos os pixels preenchidos com a cor branca",
              "timedOut": null,
              "duration": 4257,
              "state": "failed",
              "speed": null,
              "pass": false,
              "fail": true,
              "pending": false,
              "context": null,
              "code": "cy.get('#board-size').clear().type(6);\ncy.get('#generate-board').click();\ncy.get('.pixel').should('have.length', 36).each(function (pixel) {\n  expect(pixel).to.have.css('background-color', WHITE);\n});",
              "err": {
                "message": "CypressError: Timed out retrying: Expected to find element: '#board-size', but never found it.",
                "estack": "CypressError: Timed out retrying: Expected to find element: '#board-size', but never found it.\n    at cypressErr (http://localhost:44267/__cypress/runner/cypress_runner.js:149934:9)\n    at throwErr (http://localhost:44267/__cypress/runner/cypress_runner.js:149867:11)\n    at Object.throwErrByPath (http://localhost:44267/__cypress/runner/cypress_runner.js:149915:3)\n    at retry (http://localhost:44267/__cypress/runner/cypress_runner.js:144197:19)\n    at onFailFn (http://localhost:44267/__cypress/runner/cypress_runner.js:132448:16)\n    at tryCatcher (http://localhost:44267/__cypress/runner/cypress_runner.js:167415:23)\n    at Promise._settlePromiseFromHandler (http://localhost:44267/__cypress/runner/cypress_runner.js:165351:31)\n    at Promise._settlePromise (http://localhost:44267/__cypress/runner/cypress_runner.js:165408:18)\n    at Promise._settlePromise0 (http://localhost:44267/__cypress/runner/cypress_runner.js:165453:10)\n    at Promise._settlePromises (http://localhost:44267/__cypress/runner/cypress_runner.js:165528:18)\n    at Async../node_modules/bluebird/js/release/async.js.Async._drainQueue (http://localhost:44267/__cypress/runner/cypress_runner.js:162140:16)\n    at Async../node_modules/bluebird/js/release/async.js.Async._drainQueues (http://localhost:44267/__cypress/runner/cypress_runner.js:162150:10)\n    at Async.drainQueues (http://localhost:44267/__cypress/runner/cypress_runner.js:162024:14)",
                "diff": null
              },
              "uuid": "2546fbfd-cb54-40b1-a6e3-d24df68122a1",
              "parentUUID": "de3ae6e0-8e98-4062-8486-de54bbb5c523",
              "isHook": false,
              "skipped": false
            }
          ],
          "suites": [],
          "passes": [],
          "failures": [
            "20767509-10ae-404b-a7d5-1221707c1595",
            "2e2e188f-b1c5-41a3-b877-0f98cc3c8363",
            "36a8179d-57e3-445b-bf5a-8eb87ef48f5d",
            "63930ef3-3086-499c-9e7a-64961d96f2aa",
            "4c3dc804-355f-468a-af95-c1cd82d185e3",
            "17a18e67-405e-4c15-89fb-50dafbaaf529",
            "07feae6d-62ae-4012-81e8-01350e8efc9e",
            "d3f4ac70-f2e6-47c3-b7ad-7493f15fc881",
            "2546fbfd-cb54-40b1-a6e3-d24df68122a1"
          ],
          "pending": [],
          "skipped": [],
          "duration": 38358,
          "root": false,
          "rootEmpty": false,
          "_timeout": 2000
        },
        {
          "uuid": "9401bcd6-634c-4dd3-85e6-67851361f922",
          "title": "11 - Limite o tamanho mínimo e máximo do board.",
          "fullFile": "",
          "file": "",
          "beforeHooks": [],
          "afterHooks": [],
          "tests": [
            {
              "title": "Verifica se a altura máxima do board é 50",
              "fullTitle": "11 - Limite o tamanho mínimo e máximo do board. Verifica se a altura máxima do board é 50",
              "timedOut": null,
              "duration": 4251,
              "state": "failed",
              "speed": null,
              "pass": false,
              "fail": true,
              "pending": false,
              "context": null,
              "code": "cy.get('#board-size').clear().type(50);\ncy.get('#generate-board').click();\ncy.get('.pixel').should('have.length', 2500);",
              "err": {
                "message": "CypressError: Timed out retrying: Expected to find element: '#board-size', but never found it.",
                "estack": "CypressError: Timed out retrying: Expected to find element: '#board-size', but never found it.\n    at cypressErr (http://localhost:44267/__cypress/runner/cypress_runner.js:149934:9)\n    at throwErr (http://localhost:44267/__cypress/runner/cypress_runner.js:149867:11)\n    at Object.throwErrByPath (http://localhost:44267/__cypress/runner/cypress_runner.js:149915:3)\n    at retry (http://localhost:44267/__cypress/runner/cypress_runner.js:144197:19)\n    at onFailFn (http://localhost:44267/__cypress/runner/cypress_runner.js:132448:16)\n    at tryCatcher (http://localhost:44267/__cypress/runner/cypress_runner.js:167415:23)\n    at Promise._settlePromiseFromHandler (http://localhost:44267/__cypress/runner/cypress_runner.js:165351:31)\n    at Promise._settlePromise (http://localhost:44267/__cypress/runner/cypress_runner.js:165408:18)\n    at Promise._settlePromise0 (http://localhost:44267/__cypress/runner/cypress_runner.js:165453:10)\n    at Promise._settlePromises (http://localhost:44267/__cypress/runner/cypress_runner.js:165528:18)\n    at Async../node_modules/bluebird/js/release/async.js.Async._drainQueue (http://localhost:44267/__cypress/runner/cypress_runner.js:162140:16)\n    at Async../node_modules/bluebird/js/release/async.js.Async._drainQueues (http://localhost:44267/__cypress/runner/cypress_runner.js:162150:10)\n    at Async.drainQueues (http://localhost:44267/__cypress/runner/cypress_runner.js:162024:14)",
                "diff": null
              },
              "uuid": "299db0ca-ff73-412b-9bb5-face43b44270",
              "parentUUID": "9401bcd6-634c-4dd3-85e6-67851361f922",
              "isHook": false,
              "skipped": false
            },
            {
              "title": "Verifica se a altura do board é 5 quando um valor menor é colocado no input",
              "fullTitle": "11 - Limite o tamanho mínimo e máximo do board. Verifica se a altura do board é 5 quando um valor menor é colocado no input",
              "timedOut": null,
              "duration": 4254,
              "state": "failed",
              "speed": null,
              "pass": false,
              "fail": true,
              "pending": false,
              "context": null,
              "code": "cy.get('#board-size').clear().type(4);\ncy.get('#generate-board').click();\ncy.get('.pixel').should('have.length', 25);",
              "err": {
                "message": "CypressError: Timed out retrying: Expected to find element: '#board-size', but never found it.",
                "estack": "CypressError: Timed out retrying: Expected to find element: '#board-size', but never found it.\n    at cypressErr (http://localhost:44267/__cypress/runner/cypress_runner.js:149934:9)\n    at throwErr (http://localhost:44267/__cypress/runner/cypress_runner.js:149867:11)\n    at Object.throwErrByPath (http://localhost:44267/__cypress/runner/cypress_runner.js:149915:3)\n    at retry (http://localhost:44267/__cypress/runner/cypress_runner.js:144197:19)\n    at onFailFn (http://localhost:44267/__cypress/runner/cypress_runner.js:132448:16)\n    at tryCatcher (http://localhost:44267/__cypress/runner/cypress_runner.js:167415:23)\n    at Promise._settlePromiseFromHandler (http://localhost:44267/__cypress/runner/cypress_runner.js:165351:31)\n    at Promise._settlePromise (http://localhost:44267/__cypress/runner/cypress_runner.js:165408:18)\n    at Promise._settlePromise0 (http://localhost:44267/__cypress/runner/cypress_runner.js:165453:10)\n    at Promise._settlePromises (http://localhost:44267/__cypress/runner/cypress_runner.js:165528:18)\n    at Async../node_modules/bluebird/js/release/async.js.Async._drainQueue (http://localhost:44267/__cypress/runner/cypress_runner.js:162140:16)\n    at Async../node_modules/bluebird/js/release/async.js.Async._drainQueues (http://localhost:44267/__cypress/runner/cypress_runner.js:162150:10)\n    at Async.drainQueues (http://localhost:44267/__cypress/runner/cypress_runner.js:162024:14)",
                "diff": null
              },
              "uuid": "57e44bb1-9a6e-4dc2-9bfe-473ff2097fdd",
              "parentUUID": "9401bcd6-634c-4dd3-85e6-67851361f922",
              "isHook": false,
              "skipped": false
            },
            {
              "title": "Verifica se a altura do board é 50 quando um valor maior é colocado no input",
              "fullTitle": "11 - Limite o tamanho mínimo e máximo do board. Verifica se a altura do board é 50 quando um valor maior é colocado no input",
              "timedOut": null,
              "duration": 4240,
              "state": "failed",
              "speed": null,
              "pass": false,
              "fail": true,
              "pending": false,
              "context": null,
              "code": "cy.get('#board-size').clear().type(51);\ncy.get('#generate-board').click();\ncy.get('.pixel').should('have.length', 2500);",
              "err": {
                "message": "CypressError: Timed out retrying: Expected to find element: '#board-size', but never found it.",
                "estack": "CypressError: Timed out retrying: Expected to find element: '#board-size', but never found it.\n    at cypressErr (http://localhost:44267/__cypress/runner/cypress_runner.js:149934:9)\n    at throwErr (http://localhost:44267/__cypress/runner/cypress_runner.js:149867:11)\n    at Object.throwErrByPath (http://localhost:44267/__cypress/runner/cypress_runner.js:149915:3)\n    at retry (http://localhost:44267/__cypress/runner/cypress_runner.js:144197:19)\n    at onFailFn (http://localhost:44267/__cypress/runner/cypress_runner.js:132448:16)\n    at tryCatcher (http://localhost:44267/__cypress/runner/cypress_runner.js:167415:23)\n    at Promise._settlePromiseFromHandler (http://localhost:44267/__cypress/runner/cypress_runner.js:165351:31)\n    at Promise._settlePromise (http://localhost:44267/__cypress/runner/cypress_runner.js:165408:18)\n    at Promise._settlePromise0 (http://localhost:44267/__cypress/runner/cypress_runner.js:165453:10)\n    at Promise._settlePromises (http://localhost:44267/__cypress/runner/cypress_runner.js:165528:18)\n    at Async../node_modules/bluebird/js/release/async.js.Async._drainQueue (http://localhost:44267/__cypress/runner/cypress_runner.js:162140:16)\n    at Async../node_modules/bluebird/js/release/async.js.Async._drainQueues (http://localhost:44267/__cypress/runner/cypress_runner.js:162150:10)\n    at Async.drainQueues (http://localhost:44267/__cypress/runner/cypress_runner.js:162024:14)",
                "diff": null
              },
              "uuid": "1eaccc9b-2018-4d82-9a09-883dfff23786",
              "parentUUID": "9401bcd6-634c-4dd3-85e6-67851361f922",
              "isHook": false,
              "skipped": false
            }
          ],
          "suites": [],
          "passes": [],
          "failures": [
            "299db0ca-ff73-412b-9bb5-face43b44270",
            "57e44bb1-9a6e-4dc2-9bfe-473ff2097fdd",
            "1eaccc9b-2018-4d82-9a09-883dfff23786"
          ],
          "pending": [],
          "skipped": [],
          "duration": 12745,
          "root": false,
          "rootEmpty": false,
          "_timeout": 2000
        },
        {
          "uuid": "7ea78495-58e4-4e34-bbcd-9c484045eb7c",
          "title": "12 - Faça com que as cores da paleta sejam geradas aleatoriamente ao carregar a página.",
          "fullFile": "",
          "file": "",
          "beforeHooks": [],
          "afterHooks": [],
          "tests": [
            {
              "title": "Verifica se as cores geradas na paleta são diferentes a cada carregamento da página",
              "fullTitle": "12 - Faça com que as cores da paleta sejam geradas aleatoriamente ao carregar a página. Verifica se as cores geradas na paleta são diferentes a cada carregamento da página",
              "timedOut": null,
              "duration": 4255,
              "state": "failed",
              "speed": null,
              "pass": false,
              "fail": true,
              "pending": false,
              "context": null,
              "code": "cy.get('.color').then(function (colors) {\n  var currentColors;\n  var previousColors;\n  previousColors = Array.from(colors).map(function (color) {\n    return Cypress.$(color).css('background-color');\n  });\n  for (var i = 0; i < 5; i += 1) {\n    cy.reload();\n    cy.get('.color').then(function (colors) {\n      currentColors = Array.from(colors).map(function (color) {\n        return Cypress.$(color).css('background-color');\n      });\n      expect(currentColors).not.to.deep.equal(previousColors);\n      previousColors = currentColors;\n    });\n  }\n});",
              "err": {
                "message": "CypressError: Timed out retrying: Expected to find element: '.color', but never found it.",
                "estack": "CypressError: Timed out retrying: Expected to find element: '.color', but never found it.\n    at cypressErr (http://localhost:44267/__cypress/runner/cypress_runner.js:149934:9)\n    at throwErr (http://localhost:44267/__cypress/runner/cypress_runner.js:149867:11)\n    at Object.throwErrByPath (http://localhost:44267/__cypress/runner/cypress_runner.js:149915:3)\n    at retry (http://localhost:44267/__cypress/runner/cypress_runner.js:144197:19)\n    at onFailFn (http://localhost:44267/__cypress/runner/cypress_runner.js:132448:16)\n    at tryCatcher (http://localhost:44267/__cypress/runner/cypress_runner.js:167415:23)\n    at Promise._settlePromiseFromHandler (http://localhost:44267/__cypress/runner/cypress_runner.js:165351:31)\n    at Promise._settlePromise (http://localhost:44267/__cypress/runner/cypress_runner.js:165408:18)\n    at Promise._settlePromise0 (http://localhost:44267/__cypress/runner/cypress_runner.js:165453:10)\n    at Promise._settlePromises (http://localhost:44267/__cypress/runner/cypress_runner.js:165528:18)\n    at Async../node_modules/bluebird/js/release/async.js.Async._drainQueue (http://localhost:44267/__cypress/runner/cypress_runner.js:162140:16)\n    at Async../node_modules/bluebird/js/release/async.js.Async._drainQueues (http://localhost:44267/__cypress/runner/cypress_runner.js:162150:10)\n    at Async.drainQueues (http://localhost:44267/__cypress/runner/cypress_runner.js:162024:14)",
                "diff": null
              },
              "uuid": "1ec78cea-b8bd-498f-8cdb-2111d7961993",
              "parentUUID": "7ea78495-58e4-4e34-bbcd-9c484045eb7c",
              "isHook": false,
              "skipped": false
            },
            {
              "title": "Verifica se a cor preta ainda está presente e é a primeira na sua paleta de cores",
              "fullTitle": "12 - Faça com que as cores da paleta sejam geradas aleatoriamente ao carregar a página. Verifica se a cor preta ainda está presente e é a primeira na sua paleta de cores",
              "timedOut": null,
              "duration": 4241,
              "state": "failed",
              "speed": null,
              "pass": false,
              "fail": true,
              "pending": false,
              "context": null,
              "code": "cy.get('.color').then(function (colors) {\n  var currentColors;\n  var previousColors;\n  previousColors = Array.from(colors).map(function (color) {\n    return Cypress.$(color).css('background-color');\n  });\n  expect(previousColors[0]).to.eq(BLACK);\n  for (var i = 0; i < 5; i += 1) {\n    cy.reload();\n    cy.get('.color').then(function (colors) {\n      currentColors = Array.from(colors).map(function (color) {\n        return Cypress.$(color).css('background-color');\n      });\n      expect(currentColors[0]).to.eq(BLACK);\n      expect(currentColors).not.to.deep.equal(previousColors);\n      previousColors = currentColors;\n    });\n  }\n});",
              "err": {
                "message": "CypressError: Timed out retrying: Expected to find element: '.color', but never found it.",
                "estack": "CypressError: Timed out retrying: Expected to find element: '.color', but never found it.\n    at cypressErr (http://localhost:44267/__cypress/runner/cypress_runner.js:149934:9)\n    at throwErr (http://localhost:44267/__cypress/runner/cypress_runner.js:149867:11)\n    at Object.throwErrByPath (http://localhost:44267/__cypress/runner/cypress_runner.js:149915:3)\n    at retry (http://localhost:44267/__cypress/runner/cypress_runner.js:144197:19)\n    at onFailFn (http://localhost:44267/__cypress/runner/cypress_runner.js:132448:16)\n    at tryCatcher (http://localhost:44267/__cypress/runner/cypress_runner.js:167415:23)\n    at Promise._settlePromiseFromHandler (http://localhost:44267/__cypress/runner/cypress_runner.js:165351:31)\n    at Promise._settlePromise (http://localhost:44267/__cypress/runner/cypress_runner.js:165408:18)\n    at Promise._settlePromise0 (http://localhost:44267/__cypress/runner/cypress_runner.js:165453:10)\n    at Promise._settlePromises (http://localhost:44267/__cypress/runner/cypress_runner.js:165528:18)\n    at Async../node_modules/bluebird/js/release/async.js.Async._drainQueue (http://localhost:44267/__cypress/runner/cypress_runner.js:162140:16)\n    at Async../node_modules/bluebird/js/release/async.js.Async._drainQueues (http://localhost:44267/__cypress/runner/cypress_runner.js:162150:10)\n    at Async.drainQueues (http://localhost:44267/__cypress/runner/cypress_runner.js:162024:14)",
                "diff": null
              },
              "uuid": "df450901-d962-453a-9df0-5c25756f15f1",
              "parentUUID": "7ea78495-58e4-4e34-bbcd-9c484045eb7c",
              "isHook": false,
              "skipped": false
            }
          ],
          "suites": [],
          "passes": [],
          "failures": [
            "1ec78cea-b8bd-498f-8cdb-2111d7961993",
            "df450901-d962-453a-9df0-5c25756f15f1"
          ],
          "pending": [],
          "skipped": [],
          "duration": 8496,
          "root": false,
          "rootEmpty": false,
          "_timeout": 2000
        }
      ],
      "passes": [],
      "failures": [],
      "pending": [],
      "skipped": [],
      "duration": 0,
      "root": true,
      "rootEmpty": true,
      "_timeout": 2000
    }
  ],
  "meta": {
    "mocha": {
      "version": "7.0.1"
    },
    "mochawesome": {
      "options": {
        "quiet": false,
        "reportFilename": "mochawesome",
        "saveHtml": false,
        "saveJson": true,
        "consoleReporter": "spec",
        "useInlineDiffs": false
      },
      "version": "4.1.0"
    },
    "marge": {
      "options": {
        "id": "default",
        "reportDir": "cypress/reports",
        "overwrite": true,
        "html": false,
        "json": true
      },
      "version": "4.1.0"
    }
  }
}